[Top3RateBooksByAuthor]
Index: 8
Title: Harry Potter Boxed Set Books 1-5 (Harry Potter #1-5)
Author(s): J.K. Rowling/Mary GrandPré
Rate: 4.78
ID: 0439682584
ID ISBN: 9780439682589
Language: eng
Pages: 2690
Marks: 41428
------------------
Index: 10
Title: Harry Potter Collection (Harry Potter #1-6)
Author(s): J.K. Rowling
Rate: 4.73
ID: 0439827604
ID ISBN: 9780439827607
Language: eng
Pages: 3342
Marks: 28242
------------------
Index: 2005
Title: Harry Potter and the Half-Blood Prince (Harry Potter #6)
Author(s): J.K. Rowling
Rate: 4.57
ID: 0747584664
ID ISBN: 9780747584667
Language: eng
Pages: 768
Marks: 1213
------------------
